f:\code\saucer-shoot\game0\vs-2015\debug\vc140.pdb
f:\code\saucer-shoot\game0\vs-2015\debug\vc140.idb
f:\code\saucer-shoot\game0\vs-2015\debug\bullet.obj
f:\code\saucer-shoot\game0\vs-2015\debug\eventnuke.obj
f:\code\saucer-shoot\game0\vs-2015\debug\explosion.obj
f:\code\saucer-shoot\game0\vs-2015\debug\gameover.obj
f:\code\saucer-shoot\game0\vs-2015\debug\gamestart.obj
f:\code\saucer-shoot\game0\vs-2015\debug\hero.obj
f:\code\saucer-shoot\game0\vs-2015\debug\points.obj
f:\code\saucer-shoot\game0\vs-2015\debug\reticle.obj
f:\code\saucer-shoot\game0\vs-2015\debug\saucer.obj
f:\code\saucer-shoot\game0\vs-2015\debug\star.obj
f:\code\saucer-shoot\game0\vs-2015\debug\game.obj
f:\code\saucer-shoot\gametutorial\vs-2015\debug\vc140.pdb
f:\code\saucer-shoot\gametutorial\vs-2015\debug\vc140.idb
f:\code\saucer-shoot\gametutorial\vs-2015\debug\bullet.obj
f:\code\saucer-shoot\gametutorial\vs-2015\debug\eventnuke.obj
f:\code\saucer-shoot\gametutorial\vs-2015\debug\explosion.obj
f:\code\saucer-shoot\gametutorial\vs-2015\debug\game.obj
f:\code\saucer-shoot\gametutorial\vs-2015\debug\gameover.obj
f:\code\saucer-shoot\gametutorial\vs-2015\debug\gamestart.obj
f:\code\saucer-shoot\gametutorial\vs-2015\debug\hero.obj
f:\code\saucer-shoot\gametutorial\vs-2015\debug\points.obj
f:\code\saucer-shoot\gametutorial\vs-2015\debug\reticle.obj
f:\code\saucer-shoot\gametutorial\vs-2015\debug\saucer.obj
f:\code\saucer-shoot\gametutorial\vs-2015\debug\star.obj
f:\code\saucer-shoot\game0\vs-2015\debug\saucer-shoot.ilk
f:\code\saucer-shoot\game0\vs-2015\debug\saucer-shoot.exe
f:\code\saucer-shoot\game0\vs-2015\debug\saucer-shoot.pdb
f:\code\saucer-shoot\gametutorial\vs-2015\debug\saucer-shoot.ilk
f:\code\saucer-shoot\gametutorial\vs-2015\debug\saucer-shoot.exe
f:\code\saucer-shoot\gametutorial\vs-2015\debug\saucer-shoot.pdb
f:\code\saucer-shoot\game0\vs-2015\debug\saucer-shoot.lib
f:\code\saucer-shoot\game0\vs-2015\debug\saucer-shoot.exp
f:\code\saucer-shoot\gametutorial\vs-2015\debug\saucer-shoot.lib
f:\code\saucer-shoot\gametutorial\vs-2015\debug\saucer-shoot.exp
f:\code\saucer-shoot\gametutorial\vs-2015\debug\bullet.obj.enc
f:\code\saucer-shoot\gametutorial\vs-2015\debug\saucer.obj.enc
f:\code\saucer-shoot\gametutorial\vs-2015\debug\saucer-shoot.tlog\cl.command.1.tlog
f:\code\saucer-shoot\gametutorial\vs-2015\debug\saucer-shoot.tlog\cl.read.1.tlog
f:\code\saucer-shoot\gametutorial\vs-2015\debug\saucer-shoot.tlog\cl.write.1.tlog
f:\code\saucer-shoot\gametutorial\vs-2015\debug\saucer-shoot.tlog\link.command.1.tlog
f:\code\saucer-shoot\gametutorial\vs-2015\debug\saucer-shoot.tlog\link.read.1.tlog
f:\code\saucer-shoot\gametutorial\vs-2015\debug\saucer-shoot.tlog\link.write.1.tlog
f:\code\saucer-shoot\gametutorial\vs-2015\debug\saucer-shoot.tlog\saucer-shoot.write.1u.tlog
