  Star.cpp
f:\code\saucer-shoot\gametutorial\star.cpp(37): warning C4244: 'argument': conversion from 'double' to 'float', possible loss of data
  Saucer.cpp
  Reticle.cpp
  Points.cpp
  Hero.cpp
  GameStart.cpp
  GameOver.cpp
  game.cpp
  Explosion.cpp
  EventNuke.cpp
  Bullet.cpp
  Generating Code...
     Creating library F:\Code\saucer-shoot\gameTutorial\vs-2015\Debug\saucer-shoot.lib and object F:\Code\saucer-shoot\gameTutorial\vs-2015\Debug\saucer-shoot.exp
libdragonfly-win32-debug.lib(Box.obj) : warning LNK4099: PDB 'dragonfly.pdb' was not found with 'libdragonfly-win32-debug.lib(Box.obj)' or at 'F:\Code\saucer-shoot\gameTutorial\vs-2015\Debug\dragonfly.pdb'; linking object as if no debug info
libdragonfly-win32-debug.lib(Circle.obj) : warning LNK4099: PDB 'dragonfly.pdb' was not found with 'libdragonfly-win32-debug.lib(Circle.obj)' or at 'F:\Code\saucer-shoot\gameTutorial\vs-2015\Debug\dragonfly.pdb'; linking object as if no debug info
libdragonfly-win32-debug.lib(Clock.obj) : warning LNK4099: PDB 'dragonfly.pdb' was not found with 'libdragonfly-win32-debug.lib(Clock.obj)' or at 'F:\Code\saucer-shoot\gameTutorial\vs-2015\Debug\dragonfly.pdb'; linking object as if no debug info
libdragonfly-win32-debug.lib(Config.obj) : warning LNK4099: PDB 'dragonfly.pdb' was not found with 'libdragonfly-win32-debug.lib(Config.obj)' or at 'F:\Code\saucer-shoot\gameTutorial\vs-2015\Debug\dragonfly.pdb'; linking object as if no debug info
libdragonfly-win32-debug.lib(Event.obj) : warning LNK4099: PDB 'dragonfly.pdb' was not found with 'libdragonfly-win32-debug.lib(Event.obj)' or at 'F:\Code\saucer-shoot\gameTutorial\vs-2015\Debug\dragonfly.pdb'; linking object as if no debug info
libdragonfly-win32-debug.lib(EventCollision.obj) : warning LNK4099: PDB 'dragonfly.pdb' was not found with 'libdragonfly-win32-debug.lib(EventCollision.obj)' or at 'F:\Code\saucer-shoot\gameTutorial\vs-2015\Debug\dragonfly.pdb'; linking object as if no debug info
libdragonfly-win32-debug.lib(EventKeyboard.obj) : warning LNK4099: PDB 'dragonfly.pdb' was not found with 'libdragonfly-win32-debug.lib(EventKeyboard.obj)' or at 'F:\Code\saucer-shoot\gameTutorial\vs-2015\Debug\dragonfly.pdb'; linking object as if no debug info
libdragonfly-win32-debug.lib(EventMouse.obj) : warning LNK4099: PDB 'dragonfly.pdb' was not found with 'libdragonfly-win32-debug.lib(EventMouse.obj)' or at 'F:\Code\saucer-shoot\gameTutorial\vs-2015\Debug\dragonfly.pdb'; linking object as if no debug info
libdragonfly-win32-debug.lib(EventOut.obj) : warning LNK4099: PDB 'dragonfly.pdb' was not found with 'libdragonfly-win32-debug.lib(EventOut.obj)' or at 'F:\Code\saucer-shoot\gameTutorial\vs-2015\Debug\dragonfly.pdb'; linking object as if no debug info
libdragonfly-win32-debug.lib(EventPath.obj) : warning LNK4099: PDB 'dragonfly.pdb' was not found with 'libdragonfly-win32-debug.lib(EventPath.obj)' or at 'F:\Code\saucer-shoot\gameTutorial\vs-2015\Debug\dragonfly.pdb'; linking object as if no debug info
libdragonfly-win32-debug.lib(EventStep.obj) : warning LNK4099: PDB 'dragonfly.pdb' was not found with 'libdragonfly-win32-debug.lib(EventStep.obj)' or at 'F:\Code\saucer-shoot\gameTutorial\vs-2015\Debug\dragonfly.pdb'; linking object as if no debug info
libdragonfly-win32-debug.lib(EventView.obj) : warning LNK4099: PDB 'dragonfly.pdb' was not found with 'libdragonfly-win32-debug.lib(EventView.obj)' or at 'F:\Code\saucer-shoot\gameTutorial\vs-2015\Debug\dragonfly.pdb'; linking object as if no debug info
libdragonfly-win32-debug.lib(Firework.obj) : warning LNK4099: PDB 'dragonfly.pdb' was not found with 'libdragonfly-win32-debug.lib(Firework.obj)' or at 'F:\Code\saucer-shoot\gameTutorial\vs-2015\Debug\dragonfly.pdb'; linking object as if no debug info
libdragonfly-win32-debug.lib(Frame.obj) : warning LNK4099: PDB 'dragonfly.pdb' was not found with 'libdragonfly-win32-debug.lib(Frame.obj)' or at 'F:\Code\saucer-shoot\gameTutorial\vs-2015\Debug\dragonfly.pdb'; linking object as if no debug info
libdragonfly-win32-debug.lib(GameManager.obj) : warning LNK4099: PDB 'dragonfly.pdb' was not found with 'libdragonfly-win32-debug.lib(GameManager.obj)' or at 'F:\Code\saucer-shoot\gameTutorial\vs-2015\Debug\dragonfly.pdb'; linking object as if no debug info
libdragonfly-win32-debug.lib(GraphicsManager.obj) : warning LNK4099: PDB 'dragonfly.pdb' was not found with 'libdragonfly-win32-debug.lib(GraphicsManager.obj)' or at 'F:\Code\saucer-shoot\gameTutorial\vs-2015\Debug\dragonfly.pdb'; linking object as if no debug info
libdragonfly-win32-debug.lib(InputManager.obj) : warning LNK4099: PDB 'dragonfly.pdb' was not found with 'libdragonfly-win32-debug.lib(InputManager.obj)' or at 'F:\Code\saucer-shoot\gameTutorial\vs-2015\Debug\dragonfly.pdb'; linking object as if no debug info
libdragonfly-win32-debug.lib(Line.obj) : warning LNK4099: PDB 'dragonfly.pdb' was not found with 'libdragonfly-win32-debug.lib(Line.obj)' or at 'F:\Code\saucer-shoot\gameTutorial\vs-2015\Debug\dragonfly.pdb'; linking object as if no debug info
libdragonfly-win32-debug.lib(LogManager.obj) : warning LNK4099: PDB 'dragonfly.pdb' was not found with 'libdragonfly-win32-debug.lib(LogManager.obj)' or at 'F:\Code\saucer-shoot\gameTutorial\vs-2015\Debug\dragonfly.pdb'; linking object as if no debug info
libdragonfly-win32-debug.lib(Manager.obj) : warning LNK4099: PDB 'dragonfly.pdb' was not found with 'libdragonfly-win32-debug.lib(Manager.obj)' or at 'F:\Code\saucer-shoot\gameTutorial\vs-2015\Debug\dragonfly.pdb'; linking object as if no debug info
libdragonfly-win32-debug.lib(Music.obj) : warning LNK4099: PDB 'dragonfly.pdb' was not found with 'libdragonfly-win32-debug.lib(Music.obj)' or at 'F:\Code\saucer-shoot\gameTutorial\vs-2015\Debug\dragonfly.pdb'; linking object as if no debug info
libdragonfly-win32-debug.lib(Object.obj) : warning LNK4099: PDB 'dragonfly.pdb' was not found with 'libdragonfly-win32-debug.lib(Object.obj)' or at 'F:\Code\saucer-shoot\gameTutorial\vs-2015\Debug\dragonfly.pdb'; linking object as if no debug info
libdragonfly-win32-debug.lib(ObjectList.obj) : warning LNK4099: PDB 'dragonfly.pdb' was not found with 'libdragonfly-win32-debug.lib(ObjectList.obj)' or at 'F:\Code\saucer-shoot\gameTutorial\vs-2015\Debug\dragonfly.pdb'; linking object as if no debug info
libdragonfly-win32-debug.lib(ObjectListIterator.obj) : warning LNK4099: PDB 'dragonfly.pdb' was not found with 'libdragonfly-win32-debug.lib(ObjectListIterator.obj)' or at 'F:\Code\saucer-shoot\gameTutorial\vs-2015\Debug\dragonfly.pdb'; linking object as if no debug info
libdragonfly-win32-debug.lib(Particle.obj) : warning LNK4099: PDB 'dragonfly.pdb' was not found with 'libdragonfly-win32-debug.lib(Particle.obj)' or at 'F:\Code\saucer-shoot\gameTutorial\vs-2015\Debug\dragonfly.pdb'; linking object as if no debug info
libdragonfly-win32-debug.lib(Path.obj) : warning LNK4099: PDB 'dragonfly.pdb' was not found with 'libdragonfly-win32-debug.lib(Path.obj)' or at 'F:\Code\saucer-shoot\gameTutorial\vs-2015\Debug\dragonfly.pdb'; linking object as if no debug info
libdragonfly-win32-debug.lib(PathFind.obj) : warning LNK4099: PDB 'dragonfly.pdb' was not found with 'libdragonfly-win32-debug.lib(PathFind.obj)' or at 'F:\Code\saucer-shoot\gameTutorial\vs-2015\Debug\dragonfly.pdb'; linking object as if no debug info
libdragonfly-win32-debug.lib(PathManager.obj) : warning LNK4099: PDB 'dragonfly.pdb' was not found with 'libdragonfly-win32-debug.lib(PathManager.obj)' or at 'F:\Code\saucer-shoot\gameTutorial\vs-2015\Debug\dragonfly.pdb'; linking object as if no debug info
libdragonfly-win32-debug.lib(Pause.obj) : warning LNK4099: PDB 'dragonfly.pdb' was not found with 'libdragonfly-win32-debug.lib(Pause.obj)' or at 'F:\Code\saucer-shoot\gameTutorial\vs-2015\Debug\dragonfly.pdb'; linking object as if no debug info
libdragonfly-win32-debug.lib(Precipitation.obj) : warning LNK4099: PDB 'dragonfly.pdb' was not found with 'libdragonfly-win32-debug.lib(Precipitation.obj)' or at 'F:\Code\saucer-shoot\gameTutorial\vs-2015\Debug\dragonfly.pdb'; linking object as if no debug info
libdragonfly-win32-debug.lib(ResourceManager.obj) : warning LNK4099: PDB 'dragonfly.pdb' was not found with 'libdragonfly-win32-debug.lib(ResourceManager.obj)' or at 'F:\Code\saucer-shoot\gameTutorial\vs-2015\Debug\dragonfly.pdb'; linking object as if no debug info
libdragonfly-win32-debug.lib(SceneGraph.obj) : warning LNK4099: PDB 'dragonfly.pdb' was not found with 'libdragonfly-win32-debug.lib(SceneGraph.obj)' or at 'F:\Code\saucer-shoot\gameTutorial\vs-2015\Debug\dragonfly.pdb'; linking object as if no debug info
libdragonfly-win32-debug.lib(Shape.obj) : warning LNK4099: PDB 'dragonfly.pdb' was not found with 'libdragonfly-win32-debug.lib(Shape.obj)' or at 'F:\Code\saucer-shoot\gameTutorial\vs-2015\Debug\dragonfly.pdb'; linking object as if no debug info
libdragonfly-win32-debug.lib(Sound.obj) : warning LNK4099: PDB 'dragonfly.pdb' was not found with 'libdragonfly-win32-debug.lib(Sound.obj)' or at 'F:\Code\saucer-shoot\gameTutorial\vs-2015\Debug\dragonfly.pdb'; linking object as if no debug info
libdragonfly-win32-debug.lib(Splash.obj) : warning LNK4099: PDB 'dragonfly.pdb' was not found with 'libdragonfly-win32-debug.lib(Splash.obj)' or at 'F:\Code\saucer-shoot\gameTutorial\vs-2015\Debug\dragonfly.pdb'; linking object as if no debug info
libdragonfly-win32-debug.lib(SplashDragonfly.obj) : warning LNK4099: PDB 'dragonfly.pdb' was not found with 'libdragonfly-win32-debug.lib(SplashDragonfly.obj)' or at 'F:\Code\saucer-shoot\gameTutorial\vs-2015\Debug\dragonfly.pdb'; linking object as if no debug info
libdragonfly-win32-debug.lib(Sprite.obj) : warning LNK4099: PDB 'dragonfly.pdb' was not found with 'libdragonfly-win32-debug.lib(Sprite.obj)' or at 'F:\Code\saucer-shoot\gameTutorial\vs-2015\Debug\dragonfly.pdb'; linking object as if no debug info
libdragonfly-win32-debug.lib(utility.obj) : warning LNK4099: PDB 'dragonfly.pdb' was not found with 'libdragonfly-win32-debug.lib(utility.obj)' or at 'F:\Code\saucer-shoot\gameTutorial\vs-2015\Debug\dragonfly.pdb'; linking object as if no debug info
libdragonfly-win32-debug.lib(Vector.obj) : warning LNK4099: PDB 'dragonfly.pdb' was not found with 'libdragonfly-win32-debug.lib(Vector.obj)' or at 'F:\Code\saucer-shoot\gameTutorial\vs-2015\Debug\dragonfly.pdb'; linking object as if no debug info
libdragonfly-win32-debug.lib(ViewObject.obj) : warning LNK4099: PDB 'dragonfly.pdb' was not found with 'libdragonfly-win32-debug.lib(ViewObject.obj)' or at 'F:\Code\saucer-shoot\gameTutorial\vs-2015\Debug\dragonfly.pdb'; linking object as if no debug info
libdragonfly-win32-debug.lib(WorldManager.obj) : warning LNK4099: PDB 'dragonfly.pdb' was not found with 'libdragonfly-win32-debug.lib(WorldManager.obj)' or at 'F:\Code\saucer-shoot\gameTutorial\vs-2015\Debug\dragonfly.pdb'; linking object as if no debug info
sfml-main-d.lib(MainWin32.cpp.obj) : warning LNK4204: 'F:\Code\saucer-shoot\gameTutorial\vs-2015\Debug\vc140.pdb' is missing debugging information for referencing module; linking object as if no debug info
  saucer-shoot.vcxproj -> F:\Code\saucer-shoot\gameTutorial\vs-2015\Debug\saucer-shoot.exe
